<?xml version="1.0" encoding="UTF-8"?>
<!-- Generated by org.testng.reporters.JUnitXMLReporter -->
<testsuite ignored="0" hostname="Enthrall_IT" failures="0" tests="4" name="Default test" time="4.81" errors="0" timestamp="2022-07-28T22:09:27 EDT">
  <testcase classname="lec38_java_selenium_methods.H06_table_automation" name="readTable" time="0.061"/>
  <testcase classname="lec38_java_selenium_methods.H06_table_automation" name="readAnyRowofTheTable" time="0.066"/>
  <testcase classname="lec38_java_selenium_methods.H06_table_automation" name="readCellOfAnyRowofTheTable" time="0.022"/>
  <testcase classname="lec38_java_selenium_methods.H06_table_automation" name="readAllRowofTheTable" time="0.147"/>
</testsuite> <!-- Default test -->
