<?xml version="1.0" encoding="UTF-8"?>
<!-- Generated by org.testng.reporters.JUnitXMLReporter -->
<testsuite ignored="0" hostname="Enthrall_IT" failures="0" tests="2" name="Default test" time="27.012" errors="0" timestamp="2022-07-21T22:16:10 EDT">
  <testcase classname="lec28_java_selenium_methods.G04_use_of_slider_action" name="sliderActionTest01" time="10.451"/>
  <testcase classname="lec28_java_selenium_methods.G04_use_of_slider_action" name="sliderActionTest2" time="10.376"/>
</testsuite> <!-- Default test -->
