<?xml version="1.0" encoding="UTF-8"?>
<testng-results ignored="0" total="1" passed="1" failed="0" skipped="0">
  <reporter-output>
  </reporter-output>
  <suite started-at="2022-06-21T22:37:24 EDT" name="Default suite" finished-at="2022-06-21T22:37:33 EDT" duration-ms="9325">
    <groups>
    </groups>
    <test started-at="2022-06-21T22:37:24 EDT" name="Default test" finished-at="2022-06-21T22:37:33 EDT" duration-ms="9325">
      <class name="lec20_java_selenium_methods.A04_another_way_how_to_show_the_location_of_driver">
        <test-method is-config="true" signature="setUp()[pri:0, instance:lec20_java_selenium_methods.A04_another_way_how_to_show_the_location_of_driver@5d7148e2]" started-at="2022-06-21T22:37:24 EDT" name="setUp" finished-at="2022-06-21T22:37:26 EDT" duration-ms="1552" status="PASS">
          <reporter-output>
          </reporter-output>
        </test-method> <!-- setUp -->
        <test-method signature="urlTest()[pri:0, instance:lec20_java_selenium_methods.A04_another_way_how_to_show_the_location_of_driver@5d7148e2]" started-at="2022-06-21T22:37:26 EDT" name="urlTest" finished-at="2022-06-21T22:37:33 EDT" duration-ms="7603" status="PASS">
          <reporter-output>
          </reporter-output>
        </test-method> <!-- urlTest -->
        <test-method is-config="true" signature="tearUp()[pri:0, instance:lec20_java_selenium_methods.A04_another_way_how_to_show_the_location_of_driver@5d7148e2]" started-at="2022-06-21T22:37:33 EDT" name="tearUp" finished-at="2022-06-21T22:37:33 EDT" duration-ms="150" status="PASS">
          <reporter-output>
          </reporter-output>
        </test-method> <!-- tearUp -->
      </class> <!-- lec20_java_selenium_methods.A04_another_way_how_to_show_the_location_of_driver -->
    </test> <!-- Default test -->
  </suite> <!-- Default suite -->
</testng-results>
